#
# There is insufficient memory for the Java Runtime Environment to continue.
# Native memory allocation (malloc) failed to allocate 65552 bytes for Chunk::new
# Possible reasons:
#   The system is out of physical RAM or swap space
#   The process is running with CompressedOops enabled, and the Java Heap may be blocking the growth of the native heap
# Possible solutions:
#   Reduce memory load on the system
#   Increase physical memory or swap space
#   Check if swap backing store is full
#   Decrease Java heap size (-Xmx/-Xms)
#   Decrease number of Java threads
#   Decrease Java thread stack sizes (-Xss)
#   Set larger code cache with -XX:ReservedCodeCacheSize=
#   JVM is running with Unscaled Compressed Oops mode in which the Java heap is
#     placed in the first 4GB address space. The Java Heap base address is the
#     maximum limit for the native heap growth. Please use -XX:HeapBaseMinAddress
#     to set the Java Heap base and to place the Java Heap above 4GB virtual address.
# This output file may be truncated or incomplete.
#
#  Out of Memory Error (allocation.cpp:389), pid=1336, tid=0x0000000000003438
#
# JRE version: OpenJDK Runtime Environment (8.0-b10) (build 1.8.0-292-b10)
# Java VM: OpenJDK 64-Bit Server VM (25.71-b10 mixed mode windows-amd64 compressed oops)
# Failed to write core dump. Minidumps are not enabled by default on client versions of Windows
#

---------------  T H R E A D  ---------------

Current thread (0x000000001749e000):  JavaThread "C2 CompilerThread0" daemon [_thread_in_native, id=13368, stack(0x0000000018b00000,0x0000000018c00000)]

Stack: [0x0000000018b00000,0x0000000018c00000]
[error occurred during error reporting (printing stack bounds), id 0xc0000005]

Native frames: (J=compiled Java code, j=interpreted, Vv=VM code, C=native code)


Current CompileTask:
C2:   3173 1908       4       org.jetbrains.kotlin.com.intellij.openapi.vfs.impl.ZipHandlerBase::getOrCreate (235 bytes)


---------------  P R O C E S S  ---------------

Java Threads: ( => current thread )
  0x0000000018e38800 JavaThread "Service Thread" daemon [_thread_blocked, id=15864, stack(0x0000000019200000,0x0000000019300000)]
  0x00000000174a7000 JavaThread "C1 CompilerThread2" daemon [_thread_blocked, id=15904, stack(0x0000000018d00000,0x0000000018e00000)]
  0x00000000174a4000 JavaThread "C2 CompilerThread1" daemon [_thread_in_native, id=10784, stack(0x0000000018c00000,0x0000000018d00000)]
=>0x000000001749e000 JavaThread "C2 CompilerThread0" daemon [_thread_in_native, id=13368, stack(0x0000000018b00000,0x0000000018c00000)]
  0x0000000017498800 JavaThread "Attach Listener" daemon [_thread_blocked, id=10412, stack(0x0000000018a00000,0x0000000018b00000)]
  0x0000000017495800 JavaThread "Signal Dispatcher" daemon [_thread_blocked, id=14588, stack(0x0000000018900000,0x0000000018a00000)]
  0x000000000291c000 JavaThread "Finalizer" daemon [_thread_blocked, id=13928, stack(0x0000000018700000,0x0000000018800000)]
  0x0000000002915000 JavaThread "Reference Handler" daemon [_thread_blocked, id=16328, stack(0x0000000018600000,0x0000000018700000)]
  0x0000000002823000 JavaThread "main" [_thread_in_vm, id=13716, stack(0x00000000026d0000,0x00000000027d0000)]

Other Threads:
  0x0000000017457000 VMThread [stack: 0x0000000018500000,0x0000000018600000] [id=6376]
  0x00000000174eb800 WatcherThread [stack: 0x0000000019300000,0x0000000019400000] [id=13960]

VM state:not at safepoint (normal execution)

VM Mutex/Monitor currently owned by a thread: None

heap address: 0x0000000081400000, size: 2028 MB, Compressed Oops mode: 32-bit
Narrow klass base: 0x0000000000000000, Narrow klass shift: 3
Compressed class space size: 1073741824 Address: 0x0000000100000000

Heap:
 PSYoungGen      total 38400K, used 36054K [0x00000000d5c00000, 0x00000000d9b00000, 0x0000000100000000)
  eden space 33280K, 92% used [0x00000000d5c00000,0x00000000d7a368f0,0x00000000d7c80000)
  from space 5120K, 99% used [0x00000000d8180000,0x00000000d867f030,0x00000000d8680000)
  to   space 5120K, 0% used [0x00000000d7c80000,0x00000000d7c80000,0x00000000d8180000)
 ParOldGen       total 55808K, used 9862K [0x0000000081400000, 0x0000000084a80000, 0x00000000d5c00000)
  object space 55808K, 17% used [0x0000000081400000,0x0000000081da1828,0x0000000084a80000)
 Metaspace       used 24574K, capacity 25136K, committed 25472K, reserved 1071104K
  class space    used 3207K, capacity 3368K, committed 3456K, reserved 1048576K

Card table byte_map: [0x0000000011ce0000,0x00000000120e0000] byte_map_base: 0x00000000118d6000

Marking Bits: (ParMarkBitMap*) 0x00000000520b0420
 Begin Bits: [0x0000000012790000, 0x0000000014740000)
 End Bits:   [0x0000000014740000, 0x00000000166f0000)

Polling page: 0x0000000000a70000

CodeCache: size=245760Kb used=5878Kb max_used=5888Kb free=239881Kb
 bounds [0x0000000002920000, 0x0000000002ef0000, 0x0000000011920000]
 total_blobs=2359 nmethods=1899 adapters=371
 compilation: enabled

Compilation events (10 events):
Event: 3.128 Thread 0x000000001749e000 nmethod 1899 0x0000000002edb850 code [0x0000000002edb980, 0x0000000002edba18]
Event: 3.128 Thread 0x000000001749e000 1902       4       org.jetbrains.kotlin.com.intellij.openapi.vfs.impl.ZipEntryMap::put (47 bytes)
Event: 3.129 Thread 0x000000001749e000 nmethod 1902 0x0000000002ee42d0 code [0x0000000002ee4420, 0x0000000002ee4538]
Event: 3.129 Thread 0x000000001749e000 1901       4       org.jetbrains.kotlin.com.intellij.openapi.vfs.impl.ZipEntryMap::put (13 bytes)
Event: 3.131 Thread 0x000000001749e000 nmethod 1901 0x0000000002ee3dd0 code [0x0000000002ee3f40, 0x0000000002ee40b8]
Event: 3.131 Thread 0x000000001749e000 1908       4       org.jetbrains.kotlin.com.intellij.openapi.vfs.impl.ZipHandlerBase::getOrCreate (235 bytes)
Event: 3.150 Thread 0x00000000174a7000 1914       2       gnu.trove.THash::computeMaxSize (38 bytes)
Event: 3.150 Thread 0x00000000174a7000 nmethod 1914 0x0000000002edf650 code [0x0000000002edf7a0, 0x0000000002edf950]
Event: 3.166 Thread 0x00000000174a7000 1918       1       org.jetbrains.kotlin.cli.jvm.config.JvmClasspathRoot::getFile (5 bytes)
Event: 3.166 Thread 0x00000000174a7000 nmethod 1918 0x0000000002edb550 code [0x0000000002edb6a0, 0x0000000002edb7b0]

GC Heap History (10 events):
Event: 0.763 GC heap before
{Heap before GC invocations=1 (full 0):
 PSYoungGen      total 38400K, used 33280K [0x00000000d5c00000, 0x00000000d8680000, 0x0000000100000000)
  eden space 33280K, 100% used [0x00000000d5c00000,0x00000000d7c80000,0x00000000d7c80000)
  from space 5120K, 0% used [0x00000000d8180000,0x00000000d8180000,0x00000000d8680000)
  to   space 5120K, 0% used [0x00000000d7c80000,0x00000000d7c80000,0x00000000d8180000)
 ParOldGen       total 87552K, used 0K [0x0000000081400000, 0x0000000086980000, 0x00000000d5c00000)
  object space 87552K, 0% used [0x0000000081400000,0x0000000081400000,0x0000000086980000)
 Metaspace       used 9471K, capacity 10196K, committed 10368K, reserved 1058816K
  class space    used 1023K, capacity 1040K, committed 1152K, reserved 1048576K
Event: 0.771 GC heap after
Heap after GC invocations=1 (full 0):
 PSYoungGen      total 38400K, used 5098K [0x00000000d5c00000, 0x00000000d8680000, 0x0000000100000000)
  eden space 33280K, 0% used [0x00000000d5c00000,0x00000000d5c00000,0x00000000d7c80000)
  from space 5120K, 99% used [0x00000000d7c80000,0x00000000d817ab38,0x00000000d8180000)
  to   space 5120K, 0% used [0x00000000d8180000,0x00000000d8180000,0x00000000d8680000)
 ParOldGen       total 87552K, used 2528K [0x0000000081400000, 0x0000000086980000, 0x00000000d5c00000)
  object space 87552K, 2% used [0x0000000081400000,0x0000000081678338,0x0000000086980000)
 Metaspace       used 9471K, capacity 10196K, committed 10368K, reserved 1058816K
  class space    used 1023K, capacity 1040K, committed 1152K, reserved 1048576K
}
Event: 1.538 GC heap before
{Heap before GC invocations=2 (full 0):
 PSYoungGen      total 38400K, used 38378K [0x00000000d5c00000, 0x00000000d8680000, 0x0000000100000000)
  eden space 33280K, 100% used [0x00000000d5c00000,0x00000000d7c80000,0x00000000d7c80000)
  from space 5120K, 99% used [0x00000000d7c80000,0x00000000d817ab38,0x00000000d8180000)
  to   space 5120K, 0% used [0x00000000d8180000,0x00000000d8180000,0x00000000d8680000)
 ParOldGen       total 87552K, used 2528K [0x0000000081400000, 0x0000000086980000, 0x00000000d5c00000)
  object space 87552K, 2% used [0x0000000081400000,0x0000000081678338,0x0000000086980000)
 Metaspace       used 15649K, capacity 15858K, committed 16000K, reserved 1062912K
  class space    used 1810K, capacity 1887K, committed 1920K, reserved 1048576K
Event: 1.550 GC heap after
Heap after GC invocations=2 (full 0):
 PSYoungGen      total 38400K, used 5100K [0x00000000d5c00000, 0x00000000d8680000, 0x0000000100000000)
  eden space 33280K, 0% used [0x00000000d5c00000,0x00000000d5c00000,0x00000000d7c80000)
  from space 5120K, 99% used [0x00000000d8180000,0x00000000d867b050,0x00000000d8680000)
  to   space 5120K, 0% used [0x00000000d7c80000,0x00000000d7c80000,0x00000000d8180000)
 ParOldGen       total 87552K, used 7125K [0x0000000081400000, 0x0000000086980000, 0x00000000d5c00000)
  object space 87552K, 8% used [0x0000000081400000,0x0000000081af54c0,0x0000000086980000)
 Metaspace       used 15649K, capacity 15858K, committed 16000K, reserved 1062912K
  class space    used 1810K, capacity 1887K, committed 1920K, reserved 1048576K
}
Event: 1.571 GC heap before
{Heap before GC invocations=3 (full 0):
 PSYoungGen      total 38400K, used 7139K [0x00000000d5c00000, 0x00000000d8680000, 0x0000000100000000)
  eden space 33280K, 6% used [0x00000000d5c00000,0x00000000d5dfdc78,0x00000000d7c80000)
  from space 5120K, 99% used [0x00000000d8180000,0x00000000d867b050,0x00000000d8680000)
  to   space 5120K, 0% used [0x00000000d7c80000,0x00000000d7c80000,0x00000000d8180000)
 ParOldGen       total 87552K, used 7125K [0x0000000081400000, 0x0000000086980000, 0x00000000d5c00000)
  object space 87552K, 8% used [0x0000000081400000,0x0000000081af54c0,0x0000000086980000)
 Metaspace       used 15893K, capacity 16074K, committed 16256K, reserved 1062912K
  class space    used 1836K, capacity 1893K, committed 1920K, reserved 1048576K
Event: 1.576 GC heap after
Heap after GC invocations=3 (full 0):
 PSYoungGen      total 38400K, used 5104K [0x00000000d5c00000, 0x00000000d8680000, 0x0000000100000000)
  eden space 33280K, 0% used [0x00000000d5c00000,0x00000000d5c00000,0x00000000d7c80000)
  from space 5120K, 99% used [0x00000000d7c80000,0x00000000d817c010,0x00000000d8180000)
  to   space 5120K, 0% used [0x00000000d8180000,0x00000000d8180000,0x00000000d8680000)
 ParOldGen       total 87552K, used 7367K [0x0000000081400000, 0x0000000086980000, 0x00000000d5c00000)
  object space 87552K, 8% used [0x0000000081400000,0x0000000081b31d28,0x0000000086980000)
 Metaspace       used 15893K, capacity 16074K, committed 16256K, reserved 1062912K
  class space    used 1836K, capacity 1893K, committed 1920K, reserved 1048576K
}
Event: 1.576 GC heap before
{Heap before GC invocations=4 (full 1):
 PSYoungGen      total 38400K, used 5104K [0x00000000d5c00000, 0x00000000d8680000, 0x0000000100000000)
  eden space 33280K, 0% used [0x00000000d5c00000,0x00000000d5c00000,0x00000000d7c80000)
  from space 5120K, 99% used [0x00000000d7c80000,0x00000000d817c010,0x00000000d8180000)
  to   space 5120K, 0% used [0x00000000d8180000,0x00000000d8180000,0x00000000d8680000)
 ParOldGen       total 87552K, used 7367K [0x0000000081400000, 0x0000000086980000, 0x00000000d5c00000)
  object space 87552K, 8% used [0x0000000081400000,0x0000000081b31d28,0x0000000086980000)
 Metaspace       used 15893K, capacity 16074K, committed 16256K, reserved 1062912K
  class space    used 1836K, capacity 1893K, committed 1920K, reserved 1048576K
Event: 1.637 GC heap after
Heap after GC invocations=4 (full 1):
 PSYoungGen      total 38400K, used 0K [0x00000000d5c00000, 0x00000000d8680000, 0x0000000100000000)
  eden space 33280K, 0% used [0x00000000d5c00000,0x00000000d5c00000,0x00000000d7c80000)
  from space 5120K, 0% used [0x00000000d7c80000,0x00000000d7c80000,0x00000000d8180000)
  to   space 5120K, 0% used [0x00000000d8180000,0x00000000d8180000,0x00000000d8680000)
 ParOldGen       total 55808K, used 5315K [0x0000000081400000, 0x0000000084a80000, 0x00000000d5c00000)
  object space 55808K, 9% used [0x0000000081400000,0x0000000081930dc8,0x0000000084a80000)
 Metaspace       used 15893K, capacity 16074K, committed 16256K, reserved 1062912K
  class space    used 1836K, capacity 1893K, committed 1920K, reserved 1048576K
}
Event: 2.505 GC heap before
{Heap before GC invocations=5 (full 1):
 PSYoungGen      total 38400K, used 33280K [0x00000000d5c00000, 0x00000000d8680000, 0x0000000100000000)
  eden space 33280K, 100% used [0x00000000d5c00000,0x00000000d7c80000,0x00000000d7c80000)
  from space 5120K, 0% used [0x00000000d7c80000,0x00000000d7c80000,0x00000000d8180000)
  to   space 5120K, 0% used [0x00000000d8180000,0x00000000d8180000,0x00000000d8680000)
 ParOldGen       total 55808K, used 5315K [0x0000000081400000, 0x0000000084a80000, 0x00000000d5c00000)
  object space 55808K, 9% used [0x0000000081400000,0x0000000081930dc8,0x0000000084a80000)
 Metaspace       used 21027K, capacity 21450K, committed 21888K, reserved 1069056K
  class space    used 2469K, capacity 2599K, committed 2688K, reserved 1048576K
Event: 2.515 GC heap after
Heap after GC invocations=5 (full 1):
 PSYoungGen      total 38400K, used 5116K [0x00000000d5c00000, 0x00000000d9b00000, 0x0000000100000000)
  eden space 33280K, 0% used [0x00000000d5c00000,0x00000000d5c00000,0x00000000d7c80000)
  from space 5120K, 99% used [0x00000000d8180000,0x00000000d867f030,0x00000000d8680000)
  to   space 5120K, 0% used [0x00000000d7c80000,0x00000000d7c80000,0x00000000d8180000)
 ParOldGen       total 55808K, used 9862K [0x0000000081400000, 0x0000000084a80000, 0x00000000d5c00000)
  object space 55808K, 17% used [0x0000000081400000,0x0000000081da1828,0x0000000084a80000)
 Metaspace       used 21027K, capacity 21450K, committed 21888K, reserved 1069056K
  class space    used 2469K, capacity 2599K, committed 2688K, reserved 1048576K
}

Deoptimization events (10 events):
Event: 1.924 Thread 0x0000000002823000 Uncommon trap: reason=class_check action=maybe_recompile pc=0x0000000002c9016c method=java.util.Collections$UnmodifiableList.get(I)Ljava/lang/Object; @ 5
Event: 1.978 Thread 0x0000000002823000 Uncommon trap: reason=unstable_if action=reinterpret pc=0x0000000002b1a7f0 method=sun.misc.MetaIndex.mayContain(Ljava/lang/String;)Z @ 38
Event: 1.981 Thread 0x0000000002823000 Uncommon trap: reason=unstable_if action=reinterpret pc=0x0000000002b03194 method=sun.misc.MetaIndex.mayContain(Ljava/lang/String;)Z @ 38
Event: 2.141 Thread 0x0000000002823000 Uncommon trap: reason=unstable_if action=reinterpret pc=0x0000000002e0151c method=java.util.Arrays.equals([B[B)Z @ 2
Event: 2.143 Thread 0x0000000002823000 Uncommon trap: reason=unstable_if action=reinterpret pc=0x0000000002e0d50c method=com.sun.nio.zipfs.ZipFileSystem.getParent([B)[B @ 21
Event: 2.190 Thread 0x0000000002823000 Uncommon trap: reason=class_check action=maybe_recompile pc=0x0000000002dde620 method=java.util.zip.InflaterInputStream.read([BII)I @ 100
Event: 2.300 Thread 0x0000000002823000 Uncommon trap: reason=unstable_if action=reinterpret pc=0x0000000002e04428 method=java.util.Arrays.hashCode([B)I @ 1
Event: 2.358 Thread 0x0000000002823000 Uncommon trap: reason=class_check action=maybe_recompile pc=0x0000000002dde620 method=java.util.zip.InflaterInputStream.read([BII)I @ 100
Event: 2.544 Thread 0x0000000002823000 Uncommon trap: reason=unstable_if action=reinterpret pc=0x0000000002a96808 method=java.lang.String.startsWith(Ljava/lang/String;I)Z @ 25
Event: 2.996 Thread 0x0000000002823000 Uncommon trap: reason=unstable_if action=reinterpret pc=0x0000000002ec10a8 method=org.jetbrains.kotlin.com.intellij.openapi.vfs.impl.ZipEntryMap.isTheOne(Lorg/jetbrains/kotlin/com/intellij/openapi/vfs/impl/ArchiveHandler$EntryInfo;Ljava/lang/CharSequence;

Classes redefined (0 events):
No events

Internal exceptions (10 events):
Event: 0.687 Thread 0x0000000002823000 Exception <a 'java/lang/ArrayIndexOutOfBoundsException'> (0x00000000d79161c8) thrown at [c:/openjdk/jdk8u/jdk8u/hotspot\src\share\vm\runtime\sharedRuntime.cpp, line 609]
Event: 0.946 Thread 0x0000000002823000 Exception <a 'java/lang/ArrayIndexOutOfBoundsException'> (0x00000000d63ee7e8) thrown at [c:/openjdk/jdk8u/jdk8u/hotspot\src\share\vm\runtime\sharedRuntime.cpp, line 609]
Event: 1.221 Thread 0x0000000002823000 Exception <a 'java/lang/NoSuchFieldError': method resolution failed> (0x00000000d6fa5d28) thrown at [c:/openjdk/jdk8u/jdk8u/hotspot\src\share\vm\prims\methodHandles.cpp, line 1169]
Event: 1.223 Thread 0x0000000002823000 Exception <a 'java/lang/NoSuchFieldError': method resolution failed> (0x00000000d6fb3448) thrown at [c:/openjdk/jdk8u/jdk8u/hotspot\src\share\vm\prims\methodHandles.cpp, line 1169]
Event: 1.780 Thread 0x0000000002823000 Exception <a 'java/lang/NoSuchMethodError': java.lang.Object.lambda$static$0()J> (0x00000000d627ea00) thrown at [c:/openjdk/jdk8u/jdk8u/hotspot\src\share\vm\interpreter\linkResolver.cpp, line 620]
Event: 2.300 Thread 0x0000000002823000 Implicit null exception at 0x0000000002e04293 to 0x0000000002e0440e
Event: 2.435 Thread 0x0000000002823000 Exception <a 'java/lang/NoSuchMethodError': java.lang.Object.lambda$static$0(I)[Lorg/jetbrains/kotlin/com/intellij/openapi/editor/event/DocumentListener;> (0x00000000d7a208a0) thrown at [c:/openjdk/jdk8u/jdk8u/hotspot\src\share\vm\interpreter\linkResolver
Event: 2.501 Thread 0x0000000002823000 Exception <a 'java/lang/NoSuchMethodError': java.lang.Object.lambda$static$0(I)[Lorg/jetbrains/kotlin/com/intellij/psi/PsiAnnotation;> (0x00000000d7c63088) thrown at [c:/openjdk/jdk8u/jdk8u/hotspot\src\share\vm\interpreter\linkResolver.cpp, line 620]
Event: 2.628 Thread 0x0000000002823000 Exception <a 'java/lang/NoSuchMethodError': java.lang.Object.lambda$static$0(I)[Lorg/jetbrains/kotlin/com/intellij/psi/PsiElement;> (0x00000000d6127f28) thrown at [c:/openjdk/jdk8u/jdk8u/hotspot\src\share\vm\interpreter\linkResolver.cpp, line 620]
Event: 2.697 Thread 0x0000000002823000 Exception <a 'java/lang/NoSuchMethodError': java.lang.Object.lambda$comparing$77a9974f$1(Ljava/util/function/Function;Ljava/lang/Object;Ljava/lang/Object;)I> (0x00000000d630e900) thrown at [c:/openjdk/jdk8u/jdk8u/hotspot\src\share\vm\interpreter\linkResol

Events (10 events):
Event: 3.169 loading class org/jetbrains/kotlin/cli/jvm/index/JavaRoot
Event: 3.169 loading class org/jetbrains/kotlin/cli/jvm/index/JavaRoot done
Event: 3.169 loading class org/jetbrains/kotlin/cli/jvm/index/JavaRoot$RootTypes
Event: 3.169 loading class org/jetbrains/kotlin/cli/jvm/index/JavaRoot$RootTypes done
Event: 3.170 loading class org/jetbrains/kotlin/cli/jvm/modules/CliJavaModuleFinder$systemModules$1
Event: 3.170 loading class org/jetbrains/kotlin/cli/jvm/modules/CliJavaModuleFinder$systemModules$1 done
Event: 3.171 loading class kotlin/collections/ArraysKt___ArraysKt$asSequence$$inlined$Sequence$1
Event: 3.171 loading class kotlin/collections/ArraysKt___ArraysKt$asSequence$$inlined$Sequence$1 done
Event: 3.171 loading class kotlin/sequences/SequencesKt__SequencesKt$flatten$1
Event: 3.171 loading class kotlin/sequences/SequencesKt__SequencesKt$flatten$1 done


Dynamic libraries:
0x00007ff7fabc0000 - 0x00007ff7fabf5000 	C:\Program Files\OpenJDK\jdk-8.0.292.10-hotspot\jre\bin\java.exe
0x00007ffd2bd90000 - 0x00007ffd2bf85000 	C:\WINDOWS\SYSTEM32\ntdll.dll
0x00007ffd2a300000 - 0x00007ffd2a3be000 	C:\WINDOWS\System32\KERNEL32.DLL
0x00007ffd29af0000 - 0x00007ffd29db8000 	C:\WINDOWS\System32\KERNELBASE.dll
0x00007ffd2a420000 - 0x00007ffd2a4ce000 	C:\WINDOWS\System32\ADVAPI32.dll
0x00007ffd2b640000 - 0x00007ffd2b6de000 	C:\WINDOWS\System32\msvcrt.dll
0x00007ffd2ba40000 - 0x00007ffd2badc000 	C:\WINDOWS\System32\sechost.dll
0x00007ffd29e50000 - 0x00007ffd29f75000 	C:\WINDOWS\System32\RPCRT4.dll
0x00007ffd2bae0000 - 0x00007ffd2bc80000 	C:\WINDOWS\System32\USER32.dll
0x00007ffd29dc0000 - 0x00007ffd29de2000 	C:\WINDOWS\System32\win32u.dll
0x00007ffd2ac20000 - 0x00007ffd2ac4b000 	C:\WINDOWS\System32\GDI32.dll
0x00007ffd299e0000 - 0x00007ffd29aeb000 	C:\WINDOWS\System32\gdi32full.dll
0x00007ffd29780000 - 0x00007ffd2981d000 	C:\WINDOWS\System32\msvcp_win.dll
0x00007ffd29870000 - 0x00007ffd29970000 	C:\WINDOWS\System32\ucrtbase.dll
0x00007ffd185a0000 - 0x00007ffd1883a000 	C:\WINDOWS\WinSxS\amd64_microsoft.windows.common-controls_6595b64144ccf1df_6.0.19041.1110_none_60b5254171f9507e\COMCTL32.dll
0x00007ffd2b610000 - 0x00007ffd2b640000 	C:\WINDOWS\System32\IMM32.DLL
0x0000000052510000 - 0x00000000525e1000 	C:\Program Files\OpenJDK\jdk-8.0.292.10-hotspot\jre\bin\msvcr100.dll
0x00000000518a0000 - 0x0000000052132000 	C:\Program Files\OpenJDK\jdk-8.0.292.10-hotspot\jre\bin\server\jvm.dll
0x00007ffd2a000000 - 0x00007ffd2a008000 	C:\WINDOWS\System32\PSAPI.DLL
0x00007ffd19f20000 - 0x00007ffd19f47000 	C:\WINDOWS\SYSTEM32\WINMM.dll
0x00007ffd1cbb0000 - 0x00007ffd1cbba000 	C:\WINDOWS\SYSTEM32\VERSION.dll
0x00007ffd19f60000 - 0x00007ffd19f69000 	C:\WINDOWS\SYSTEM32\WSOCK32.dll
0x00007ffd2ad40000 - 0x00007ffd2adab000 	C:\WINDOWS\System32\WS2_32.dll
0x00007ffd25340000 - 0x00007ffd2534f000 	C:\Program Files\OpenJDK\jdk-8.0.292.10-hotspot\jre\bin\verify.dll
0x00007ffd22870000 - 0x00007ffd22899000 	C:\Program Files\OpenJDK\jdk-8.0.292.10-hotspot\jre\bin\java.dll
0x00007ffd23fa0000 - 0x00007ffd23fb6000 	C:\Program Files\OpenJDK\jdk-8.0.292.10-hotspot\jre\bin\zip.dll
0x00007ffd2a4d0000 - 0x00007ffd2ac14000 	C:\WINDOWS\System32\SHELL32.dll
0x00007ffd275c0000 - 0x00007ffd27d54000 	C:\WINDOWS\SYSTEM32\windows.storage.dll
0x00007ffd2b6e0000 - 0x00007ffd2ba34000 	C:\WINDOWS\System32\combase.dll
0x00007ffd28f10000 - 0x00007ffd28f3c000 	C:\WINDOWS\SYSTEM32\Wldp.dll
0x00007ffd2b560000 - 0x00007ffd2b60d000 	C:\WINDOWS\System32\SHCORE.dll
0x00007ffd2aed0000 - 0x00007ffd2af25000 	C:\WINDOWS\System32\shlwapi.dll
0x00007ffd293f0000 - 0x00007ffd2940f000 	C:\WINDOWS\SYSTEM32\profapi.dll
0x00007ffd21f40000 - 0x00007ffd21f5b000 	C:\Program Files\OpenJDK\jdk-8.0.292.10-hotspot\jre\bin\net.dll
0x00007ffd28c70000 - 0x00007ffd28cda000 	C:\WINDOWS\system32\mswsock.dll
0x00007ffd21f20000 - 0x00007ffd21f31000 	C:\Program Files\OpenJDK\jdk-8.0.292.10-hotspot\jre\bin\nio.dll

VM Arguments:
java_command: org.jetbrains.kotlin.cli.jvm.K2JVMCompiler @E:\AuragesMobileApp\AuragesRustaurant\node_modules\react-native-gesture-handler\android\build\20220321_266719597307611517.compiler.options
java_class_path (initial): C:\Users\fcih1\.gradle\caches\modules-2\files-2.1\org.jetbrains.kotlin\kotlin-compiler-embeddable\1.5.20\1900e8b9aca0a9caffd45b99b36e3720a0a284f8\kotlin-compiler-embeddable-1.5.20.jar;C:\Users\fcih1\.gradle\caches\modules-2\files-2.1\org.jetbrains.kotlin\kotlin-reflect\1.5.20\63810951f09a27f7827977f1bc21094042a915e\kotlin-reflect-1.5.20.jar;C:\Users\fcih1\.gradle\caches\modules-2\files-2.1\org.jetbrains.kotlin\kotlin-stdlib\1.5.20\9de35cc611bcecec8edce1d56d8e659953806751\kotlin-stdlib-1.5.20.jar;C:\Users\fcih1\.gradle\caches\modules-2\files-2.1\org.jetbrains.kotlin\kotlin-script-runtime\1.5.20\4381bb58d37b84d4d1afe55ec35542dd9b77e101\kotlin-script-runtime-1.5.20.jar;C:\Users\fcih1\.gradle\caches\modules-2\files-2.1\org.jetbrains.kotlin\kotlin-daemon-embeddable\1.5.20\36c38cda019834dcd2959cc33a12768adcd94256\kotlin-daemon-embeddable-1.5.20.jar;C:\Users\fcih1\.gradle\caches\modules-2\files-2.1\org.jetbrains.intellij.deps\trove4j\1.0.20181211\216c2e14b070f334479d800987affe4054cd563f\trove4j-1.0.20181211.jar;C:\Users\fcih1\.gradle\caches\modules-2\files-2.1\org.jetbrains\annotations\13.0\919f0dfe192fb4e063e7dacadee7f8bb9a2672a9\annotations-13.0.jar;C:\Users\fcih1\.gradle\caches\modules-2\files-2.1\org.jetbrains.kotlin\kotlin-stdlib-common\1.5.20\3d79dbd48bf605f4aac1e7028981a1953e245cbb\kotlin-stdlib-common-1.5.20.jar;C:\Program Files\OpenJDK\jdk-8.0.292.10-hotspot\lib\tools.jar
Launcher Type: SUN_STANDARD

Environment Variables:
JAVA_HOME=C:\Program Files\OpenJDK\jdk-8.0.292.10-hotspot
CLASSPATH=E:\AuragesMobileApp\AuragesRustaurant\android\\gradle\wrapper\gradle-wrapper.jar
PATH=E:\AuragesMobileApp\AuragesRustaurant\android\node_modules\.bin;E:\AuragesMobileApp\AuragesRustaurant\node_modules\.bin;E:\AuragesMobileApp\node_modules\.bin;E:\node_modules\.bin;C:\Program Files\nodejs;C:\Program Files\Git\mingw64\bin;C:\Program Files\Git\usr\bin;C:\Users\fcih1\bin;C:\Program Files\OpenJDK\jdk-8.0.292.10-hotspot\bin;C:\Program Files\Common Files\Oracle\Java\javapath;C:\WINDOWS\system32;C:\WINDOWS;C:\WINDOWS\System32\Wbem;C:\WINDOWS\System32\WindowsPowerShell\v1.0;C:\WINDOWS\System32\OpenSSH;C:\Program Files\Git\cmd;C:\Program Files\OpenJDK\jdk-8.0.292.10-hotspot;C:\Users\fcih1\AppData\Local\Android\Sdk\platform-tools;C:\xampp\php;C:\composer;C:\Program Files\dotnet;C:\Program Files\nodejs;C:\Program Files (x86)\Windows Kits\10\Windows Performance Toolkit;C:\Users\fcih1\AppData\Local\Microsoft\WindowsApps;C:\Users\fcih1\AppData\Local\Programs\Microsoft VS Code\bin;C:\Program Files\OpenJDK\jdk-8.0.292.10-hotspot;C:\Users\fcih1\AppData\Local\Android\Sdk\platform-tools;C:\xampp\php;C:\Users\fcih1\AppData\Roaming\Composer\vendor\bin;C:\Users\fcih1\.dotnet\tools;C:\Users\fcih1\AppData\Roaming\npm
USERNAME=fcih1
OS=Windows_NT
PROCESSOR_IDENTIFIER=Intel64 Family 6 Model 60 Stepping 3, GenuineIntel



---------------  S Y S T E M  ---------------

OS: Windows 10.0 , 64 bit Build 19041 (10.0.19041.1566)

CPU:total 4 (initial active 4) (2 cores per cpu, 2 threads per core) family 6 model 60 stepping 3, cmov, cx8, fxsr, mmx, sse, sse2, sse3, ssse3, sse4.1, sse4.2, popcnt, avx, avx2, aes, clmul, erms, lzcnt, ht, tsc, tscinvbit, bmi1, bmi2

Memory: 4k page, physical 8298776k(545696k free), swap 20949160k(5120k free)

vm_info: OpenJDK 64-Bit Server VM (25.71-b10) for windows-amd64 JRE (1.8.0-292-b10), built on Apr 21 2021 17:47:18 by "Administrator" with MS VC++ 10.0 (VS2010)

time: Mon Mar 21 18:05:06 2022
timezone: Egypt Standard Time
elapsed time: 3.178523 seconds (0d 0h 0m 3s)

