#
# There is insufficient memory for the Java Runtime Environment to continue.
# Native memory allocation (malloc) failed to allocate 32744 bytes for ChunkPool::allocate
# Possible reasons:
#   The system is out of physical RAM or swap space
#   The process is running with CompressedOops enabled, and the Java Heap may be blocking the growth of the native heap
# Possible solutions:
#   Reduce memory load on the system
#   Increase physical memory or swap space
#   Check if swap backing store is full
#   Decrease Java heap size (-Xmx/-Xms)
#   Decrease number of Java threads
#   Decrease Java thread stack sizes (-Xss)
#   Set larger code cache with -XX:ReservedCodeCacheSize=
#   JVM is running with Unscaled Compressed Oops mode in which the Java heap is
#     placed in the first 4GB address space. The Java Heap base address is the
#     maximum limit for the native heap growth. Please use -XX:HeapBaseMinAddress
#     to set the Java Heap base and to place the Java Heap above 4GB virtual address.
# This output file may be truncated or incomplete.
#
#  Out of Memory Error (allocation.cpp:272), pid=13720, tid=0x0000000000003d9c
#
# JRE version: OpenJDK Runtime Environment (8.0-b10) (build 1.8.0-292-b10)
# Java VM: OpenJDK 64-Bit Server VM (25.71-b10 mixed mode windows-amd64 compressed oops)
# Failed to write core dump. Minidumps are not enabled by default on client versions of Windows
#

---------------  T H R E A D  ---------------

Current thread (0x0000000017420000):  JavaThread "C2 CompilerThread1" daemon [_thread_in_native, id=15772, stack(0x0000000018b60000,0x0000000018c60000)]

Stack: [0x0000000018b60000,0x0000000018c60000]
[error occurred during error reporting (printing stack bounds), id 0xc0000005]

Native frames: (J=compiled Java code, j=interpreted, Vv=VM code, C=native code)


Current CompileTask:
C2:    965 1024   !   4       java.util.concurrent.ConcurrentHashMap::putVal (362 bytes)


---------------  P R O C E S S  ---------------

Java Threads: ( => current thread )
  0x0000000018d8a800 JavaThread "Service Thread" daemon [_thread_blocked, id=15800, stack(0x0000000019160000,0x0000000019260000)]
  0x0000000017424800 JavaThread "C1 CompilerThread2" daemon [_thread_in_native, id=15680, stack(0x0000000018c60000,0x0000000018d60000)]
=>0x0000000017420000 JavaThread "C2 CompilerThread1" daemon [_thread_in_native, id=15772, stack(0x0000000018b60000,0x0000000018c60000)]
  0x000000001741b800 JavaThread "C2 CompilerThread0" daemon [_thread_blocked, id=2128, stack(0x0000000018a60000,0x0000000018b60000)]
  0x0000000017417000 JavaThread "Attach Listener" daemon [_thread_blocked, id=11632, stack(0x0000000018960000,0x0000000018a60000)]
  0x0000000017415800 JavaThread "Signal Dispatcher" daemon [_thread_blocked, id=2468, stack(0x0000000018860000,0x0000000018960000)]
  0x000000000289d800 JavaThread "Finalizer" daemon [_thread_blocked, id=6224, stack(0x0000000018660000,0x0000000018760000)]
  0x0000000002897000 JavaThread "Reference Handler" daemon [_thread_blocked, id=11916, stack(0x0000000018560000,0x0000000018660000)]
  0x00000000027a3000 JavaThread "main" [_thread_in_native, id=13632, stack(0x00000000026a0000,0x00000000027a0000)]

Other Threads:
  0x00000000173d7000 VMThread [stack: 0x0000000018460000,0x0000000018560000] [id=12760]
  0x0000000018d8f000 WatcherThread [stack: 0x0000000019260000,0x0000000019360000] [id=14624]

VM state:not at safepoint (normal execution)

VM Mutex/Monitor currently owned by a thread: None

heap address: 0x0000000081400000, size: 2028 MB, Compressed Oops mode: 32-bit
Narrow klass base: 0x0000000000000000, Narrow klass shift: 3
Compressed class space size: 1073741824 Address: 0x0000000100000000

Heap:
 PSYoungGen      total 38400K, used 16720K [0x00000000d5c00000, 0x00000000da700000, 0x0000000100000000)
  eden space 33280K, 34% used [0x00000000d5c00000,0x00000000d675be10,0x00000000d7c80000)
  from space 5120K, 99% used [0x00000000d7c80000,0x00000000d81782b8,0x00000000d8180000)
  to   space 5120K, 0% used [0x00000000da200000,0x00000000da200000,0x00000000da700000)
 ParOldGen       total 87552K, used 2594K [0x0000000081400000, 0x0000000086980000, 0x00000000d5c00000)
  object space 87552K, 2% used [0x0000000081400000,0x0000000081688b78,0x0000000086980000)
 Metaspace       used 10666K, capacity 11252K, committed 11520K, reserved 1058816K
  class space    used 1160K, capacity 1200K, committed 1280K, reserved 1048576K

Card table byte_map: [0x0000000011c60000,0x0000000012060000] byte_map_base: 0x0000000011856000

Marking Bits: (ParMarkBitMap*) 0x00000000520b0420
 Begin Bits: [0x0000000012710000, 0x00000000146c0000)
 End Bits:   [0x00000000146c0000, 0x0000000016670000)

Polling page: 0x00000000025d0000

CodeCache: size=245760Kb used=3493Kb max_used=3503Kb free=242266Kb
 bounds [0x00000000028a0000, 0x0000000002c10000, 0x00000000118a0000]
 total_blobs=1336 nmethods=1000 adapters=248
 compilation: enabled

Compilation events (10 events):
Event: 0.936 Thread 0x0000000017420000 1017       4       java.util.Collections$UnmodifiableList::get (11 bytes)
Event: 0.937 Thread 0x0000000017420000 nmethod 1017 0x0000000002c0bed0 code [0x0000000002c0c020, 0x0000000002c0c118]
Event: 0.943 Thread 0x000000001741b800 1019       4       java.lang.StringBuilder::toString (17 bytes)
Event: 0.948 Thread 0x000000001741b800 nmethod 1019 0x0000000002c0b750 code [0x0000000002c0b8a0, 0x0000000002c0bc18]
Event: 0.950 Thread 0x0000000017420000 1020       4       java.util.HashMap::get (23 bytes)
Event: 0.953 Thread 0x0000000017420000 nmethod 1020 0x0000000002c0b110 code [0x0000000002c0b260, 0x0000000002c0b4d8]
Event: 0.957 Thread 0x000000001741b800 1023       4       java.util.Arrays::copyOf (19 bytes)
Event: 0.959 Thread 0x000000001741b800 nmethod 1023 0x0000000002c0acd0 code [0x0000000002c0ae20, 0x0000000002c0b018]
Event: 0.961 Thread 0x0000000017420000 1024   !   4       java.util.concurrent.ConcurrentHashMap::putVal (362 bytes)
Event: 0.963 Thread 0x000000001741b800 1026       4       java.lang.StringBuilder::<init> (7 bytes)

GC Heap History (2 events):
Event: 0.749 GC heap before
{Heap before GC invocations=1 (full 0):
 PSYoungGen      total 38400K, used 33280K [0x00000000d5c00000, 0x00000000d8680000, 0x0000000100000000)
  eden space 33280K, 100% used [0x00000000d5c00000,0x00000000d7c80000,0x00000000d7c80000)
  from space 5120K, 0% used [0x00000000d8180000,0x00000000d8180000,0x00000000d8680000)
  to   space 5120K, 0% used [0x00000000d7c80000,0x00000000d7c80000,0x00000000d8180000)
 ParOldGen       total 87552K, used 0K [0x0000000081400000, 0x0000000086980000, 0x00000000d5c00000)
  object space 87552K, 0% used [0x0000000081400000,0x0000000081400000,0x0000000086980000)
 Metaspace       used 9471K, capacity 10196K, committed 10368K, reserved 1058816K
  class space    used 1022K, capacity 1040K, committed 1152K, reserved 1048576K
Event: 0.757 GC heap after
Heap after GC invocations=1 (full 0):
 PSYoungGen      total 38400K, used 5088K [0x00000000d5c00000, 0x00000000da700000, 0x0000000100000000)
  eden space 33280K, 0% used [0x00000000d5c00000,0x00000000d5c00000,0x00000000d7c80000)
  from space 5120K, 99% used [0x00000000d7c80000,0x00000000d81782b8,0x00000000d8180000)
  to   space 5120K, 0% used [0x00000000da200000,0x00000000da200000,0x00000000da700000)
 ParOldGen       total 87552K, used 2594K [0x0000000081400000, 0x0000000086980000, 0x00000000d5c00000)
  object space 87552K, 2% used [0x0000000081400000,0x0000000081688b78,0x0000000086980000)
 Metaspace       used 9471K, capacity 10196K, committed 10368K, reserved 1058816K
  class space    used 1022K, capacity 1040K, committed 1152K, reserved 1048576K
}

Deoptimization events (6 events):
Event: 0.280 Thread 0x00000000027a3000 Uncommon trap: reason=unstable_if action=reinterpret pc=0x0000000002a2d45c method=java.io.BufferedReader.read()I @ 19
Event: 0.408 Thread 0x00000000027a3000 Uncommon trap: reason=unstable_if action=reinterpret pc=0x0000000002a50400 method=java.lang.String.indexOf([CII[CIII)I @ 123
Event: 0.584 Thread 0x00000000027a3000 Uncommon trap: reason=unstable_if action=reinterpret pc=0x0000000002aad3a0 method=java.util.HashMap.getNode(ILjava/lang/Object;)Ljava/util/HashMap$Node; @ 62
Event: 0.584 Thread 0x00000000027a3000 Uncommon trap: reason=unstable_if action=reinterpret pc=0x0000000002aafbf8 method=java.util.HashMap.getNode(ILjava/lang/Object;)Ljava/util/HashMap$Node; @ 62
Event: 0.607 Thread 0x00000000027a3000 Uncommon trap: reason=unstable_if action=reinterpret pc=0x0000000002a247f4 method=java.lang.Integer.valueOf(I)Ljava/lang/Integer; @ 10
Event: 0.731 Thread 0x00000000027a3000 Uncommon trap: reason=unstable_if action=reinterpret pc=0x0000000002af7278 method=kotlin.reflect.jvm.internal.impl.protobuf.CodedInputStream.readRawVarint32()I @ 10

Classes redefined (0 events):
No events

Internal exceptions (8 events):
Event: 0.032 Thread 0x00000000027a3000 Exception <a 'java/lang/NoSuchMethodError': Method sun.misc.Unsafe.defineClass(Ljava/lang/String;[BII)Ljava/lang/Class; name or signature does not match> (0x00000000d5c07cc0) thrown at [c:/openjdk/jdk8u/jdk8u/hotspot\src\share\vm\prims\jni.cpp, line 4014]
Event: 0.032 Thread 0x00000000027a3000 Exception <a 'java/lang/NoSuchMethodError': Method sun.misc.Unsafe.prefetchRead(Ljava/lang/Object;J)V name or signature does not match> (0x00000000d5c07fa8) thrown at [c:/openjdk/jdk8u/jdk8u/hotspot\src\share\vm\prims\jni.cpp, line 4014]
Event: 0.416 Thread 0x00000000027a3000 Exception <a 'java/security/PrivilegedActionException'> (0x00000000d6ab20e0) thrown at [c:/openjdk/jdk8u/jdk8u/hotspot\src\share\vm\prims\jvm.cpp, line 1523]
Event: 0.416 Thread 0x00000000027a3000 Exception <a 'java/security/PrivilegedActionException'> (0x00000000d6ab24d8) thrown at [c:/openjdk/jdk8u/jdk8u/hotspot\src\share\vm\prims\jvm.cpp, line 1523]
Event: 0.417 Thread 0x00000000027a3000 Exception <a 'java/security/PrivilegedActionException'> (0x00000000d6ab71f8) thrown at [c:/openjdk/jdk8u/jdk8u/hotspot\src\share\vm\prims\jvm.cpp, line 1523]
Event: 0.417 Thread 0x00000000027a3000 Exception <a 'java/security/PrivilegedActionException'> (0x00000000d6ab75f0) thrown at [c:/openjdk/jdk8u/jdk8u/hotspot\src\share\vm\prims\jvm.cpp, line 1523]
Event: 0.695 Thread 0x00000000027a3000 Exception <a 'java/lang/ArrayIndexOutOfBoundsException'> (0x00000000d7918e90) thrown at [c:/openjdk/jdk8u/jdk8u/hotspot\src\share\vm\runtime\sharedRuntime.cpp, line 609]
Event: 0.911 Thread 0x00000000027a3000 Exception <a 'java/lang/ArrayIndexOutOfBoundsException'> (0x00000000d63efb38) thrown at [c:/openjdk/jdk8u/jdk8u/hotspot\src\share\vm\runtime\sharedRuntime.cpp, line 609]

Events (10 events):
Event: 0.953 loading class kotlin/reflect/jvm/internal/impl/load/java/JavaDescriptorVisibilities$3
Event: 0.953 loading class kotlin/reflect/jvm/internal/impl/load/java/JavaDescriptorVisibilities$3 done
Event: 0.954 loading class kotlin/reflect/jvm/internal/impl/types/FlexibleTypesKt
Event: 0.954 loading class kotlin/reflect/jvm/internal/impl/types/FlexibleTypesKt done
Event: 0.955 loading class kotlin/Int
Event: 0.955 loading class kotlin/Int done
Event: 0.955 loading class kotlin/Int
Event: 0.955 loading class kotlin/Int done
Event: 0.963 loading class sun/reflect/MethodAccessorGenerator
Event: 0.964 loading class sun/reflect/AccessorGenerator


Dynamic libraries:
0x00007ff7fabc0000 - 0x00007ff7fabf5000 	C:\Program Files\OpenJDK\jdk-8.0.292.10-hotspot\jre\bin\java.exe
0x00007ffd2bd90000 - 0x00007ffd2bf85000 	C:\WINDOWS\SYSTEM32\ntdll.dll
0x00007ffd2a300000 - 0x00007ffd2a3be000 	C:\WINDOWS\System32\KERNEL32.DLL
0x00007ffd29af0000 - 0x00007ffd29db8000 	C:\WINDOWS\System32\KERNELBASE.dll
0x00007ffd2a420000 - 0x00007ffd2a4ce000 	C:\WINDOWS\System32\ADVAPI32.dll
0x00007ffd2b640000 - 0x00007ffd2b6de000 	C:\WINDOWS\System32\msvcrt.dll
0x00007ffd2ba40000 - 0x00007ffd2badc000 	C:\WINDOWS\System32\sechost.dll
0x00007ffd29e50000 - 0x00007ffd29f75000 	C:\WINDOWS\System32\RPCRT4.dll
0x00007ffd2bae0000 - 0x00007ffd2bc80000 	C:\WINDOWS\System32\USER32.dll
0x00007ffd29dc0000 - 0x00007ffd29de2000 	C:\WINDOWS\System32\win32u.dll
0x00007ffd2ac20000 - 0x00007ffd2ac4b000 	C:\WINDOWS\System32\GDI32.dll
0x00007ffd299e0000 - 0x00007ffd29aeb000 	C:\WINDOWS\System32\gdi32full.dll
0x00007ffd29780000 - 0x00007ffd2981d000 	C:\WINDOWS\System32\msvcp_win.dll
0x00007ffd29870000 - 0x00007ffd29970000 	C:\WINDOWS\System32\ucrtbase.dll
0x00007ffd185a0000 - 0x00007ffd1883a000 	C:\WINDOWS\WinSxS\amd64_microsoft.windows.common-controls_6595b64144ccf1df_6.0.19041.1110_none_60b5254171f9507e\COMCTL32.dll
0x00007ffd2b610000 - 0x00007ffd2b640000 	C:\WINDOWS\System32\IMM32.DLL
0x0000000052510000 - 0x00000000525e1000 	C:\Program Files\OpenJDK\jdk-8.0.292.10-hotspot\jre\bin\msvcr100.dll
0x00000000518a0000 - 0x0000000052132000 	C:\Program Files\OpenJDK\jdk-8.0.292.10-hotspot\jre\bin\server\jvm.dll
0x00007ffd2a000000 - 0x00007ffd2a008000 	C:\WINDOWS\System32\PSAPI.DLL
0x00007ffd19f20000 - 0x00007ffd19f47000 	C:\WINDOWS\SYSTEM32\WINMM.dll
0x00007ffd1cbb0000 - 0x00007ffd1cbba000 	C:\WINDOWS\SYSTEM32\VERSION.dll
0x00007ffd19f60000 - 0x00007ffd19f69000 	C:\WINDOWS\SYSTEM32\WSOCK32.dll
0x00007ffd2ad40000 - 0x00007ffd2adab000 	C:\WINDOWS\System32\WS2_32.dll
0x00007ffd25340000 - 0x00007ffd2534f000 	C:\Program Files\OpenJDK\jdk-8.0.292.10-hotspot\jre\bin\verify.dll
0x00007ffd22870000 - 0x00007ffd22899000 	C:\Program Files\OpenJDK\jdk-8.0.292.10-hotspot\jre\bin\java.dll
0x00007ffd23fa0000 - 0x00007ffd23fb6000 	C:\Program Files\OpenJDK\jdk-8.0.292.10-hotspot\jre\bin\zip.dll
0x00007ffd2a4d0000 - 0x00007ffd2ac14000 	C:\WINDOWS\System32\SHELL32.dll
0x00007ffd275c0000 - 0x00007ffd27d54000 	C:\WINDOWS\SYSTEM32\windows.storage.dll
0x00007ffd2b6e0000 - 0x00007ffd2ba34000 	C:\WINDOWS\System32\combase.dll
0x00007ffd28f10000 - 0x00007ffd28f3c000 	C:\WINDOWS\SYSTEM32\Wldp.dll
0x00007ffd2b560000 - 0x00007ffd2b60d000 	C:\WINDOWS\System32\SHCORE.dll
0x00007ffd2aed0000 - 0x00007ffd2af25000 	C:\WINDOWS\System32\shlwapi.dll
0x00007ffd293f0000 - 0x00007ffd2940f000 	C:\WINDOWS\SYSTEM32\profapi.dll

VM Arguments:
java_command: org.jetbrains.kotlin.cli.jvm.K2JVMCompiler @E:\AuragesMobileApp\AuragesRustaurant\node_modules\react-native-gesture-handler\android\build\20220321_8715754171099484328.compiler.options
java_class_path (initial): C:\Users\fcih1\.gradle\caches\modules-2\files-2.1\org.jetbrains.kotlin\kotlin-compiler-embeddable\1.5.20\1900e8b9aca0a9caffd45b99b36e3720a0a284f8\kotlin-compiler-embeddable-1.5.20.jar;C:\Users\fcih1\.gradle\caches\modules-2\files-2.1\org.jetbrains.kotlin\kotlin-reflect\1.5.20\63810951f09a27f7827977f1bc21094042a915e\kotlin-reflect-1.5.20.jar;C:\Users\fcih1\.gradle\caches\modules-2\files-2.1\org.jetbrains.kotlin\kotlin-stdlib\1.5.20\9de35cc611bcecec8edce1d56d8e659953806751\kotlin-stdlib-1.5.20.jar;C:\Users\fcih1\.gradle\caches\modules-2\files-2.1\org.jetbrains.kotlin\kotlin-script-runtime\1.5.20\4381bb58d37b84d4d1afe55ec35542dd9b77e101\kotlin-script-runtime-1.5.20.jar;C:\Users\fcih1\.gradle\caches\modules-2\files-2.1\org.jetbrains.kotlin\kotlin-daemon-embeddable\1.5.20\36c38cda019834dcd2959cc33a12768adcd94256\kotlin-daemon-embeddable-1.5.20.jar;C:\Users\fcih1\.gradle\caches\modules-2\files-2.1\org.jetbrains.intellij.deps\trove4j\1.0.20181211\216c2e14b070f334479d800987affe4054cd563f\trove4j-1.0.20181211.jar;C:\Users\fcih1\.gradle\caches\modules-2\files-2.1\org.jetbrains\annotations\13.0\919f0dfe192fb4e063e7dacadee7f8bb9a2672a9\annotations-13.0.jar;C:\Users\fcih1\.gradle\caches\modules-2\files-2.1\org.jetbrains.kotlin\kotlin-stdlib-common\1.5.20\3d79dbd48bf605f4aac1e7028981a1953e245cbb\kotlin-stdlib-common-1.5.20.jar;C:\Program Files\OpenJDK\jdk-8.0.292.10-hotspot\lib\tools.jar
Launcher Type: SUN_STANDARD

Environment Variables:
JAVA_HOME=C:\Program Files\OpenJDK\jdk-8.0.292.10-hotspot
CLASSPATH=E:\AuragesMobileApp\AuragesRustaurant\android\\gradle\wrapper\gradle-wrapper.jar
PATH=E:\AuragesMobileApp\AuragesRustaurant\android\node_modules\.bin;E:\AuragesMobileApp\AuragesRustaurant\node_modules\.bin;E:\AuragesMobileApp\node_modules\.bin;E:\node_modules\.bin;C:\Program Files\nodejs;C:\Program Files\Git\mingw64\bin;C:\Program Files\Git\usr\bin;C:\Users\fcih1\bin;C:\Program Files\OpenJDK\jdk-8.0.292.10-hotspot\bin;C:\Program Files\Common Files\Oracle\Java\javapath;C:\WINDOWS\system32;C:\WINDOWS;C:\WINDOWS\System32\Wbem;C:\WINDOWS\System32\WindowsPowerShell\v1.0;C:\WINDOWS\System32\OpenSSH;C:\Program Files\Git\cmd;C:\Program Files\OpenJDK\jdk-8.0.292.10-hotspot;C:\Users\fcih1\AppData\Local\Android\Sdk\platform-tools;C:\xampp\php;C:\composer;C:\Program Files\dotnet;C:\Program Files\nodejs;C:\Program Files (x86)\Windows Kits\10\Windows Performance Toolkit;C:\Users\fcih1\AppData\Local\Microsoft\WindowsApps;C:\Users\fcih1\AppData\Local\Programs\Microsoft VS Code\bin;C:\Program Files\OpenJDK\jdk-8.0.292.10-hotspot;C:\Users\fcih1\AppData\Local\Android\Sdk\platform-tools;C:\xampp\php;C:\Users\fcih1\AppData\Roaming\Composer\vendor\bin;C:\Users\fcih1\.dotnet\tools;C:\Users\fcih1\AppData\Roaming\npm
USERNAME=fcih1
OS=Windows_NT
PROCESSOR_IDENTIFIER=Intel64 Family 6 Model 60 Stepping 3, GenuineIntel



---------------  S Y S T E M  ---------------

OS: Windows 10.0 , 64 bit Build 19041 (10.0.19041.1566)

CPU:total 4 (initial active 4) (2 cores per cpu, 2 threads per core) family 6 model 60 stepping 3, cmov, cx8, fxsr, mmx, sse, sse2, sse3, ssse3, sse4.1, sse4.2, popcnt, avx, avx2, aes, clmul, erms, lzcnt, ht, tsc, tscinvbit, bmi1, bmi2

Memory: 4k page, physical 8298776k(789876k free), swap 20949160k(4128k free)

vm_info: OpenJDK 64-Bit Server VM (25.71-b10) for windows-amd64 JRE (1.8.0-292-b10), built on Apr 21 2021 17:47:18 by "Administrator" with MS VC++ 10.0 (VS2010)

time: Mon Mar 21 18:03:24 2022
timezone: Egypt Standard Time
elapsed time: 0.969533 seconds (0d 0h 0m 0s)

